Using pre-set license
Built from '2020.2/release' branch; Version is '2020.2.4f1 (becced5a802b) revision 12504301'; Using compiler version '192528614'; Build Type 'Release'
OS: 'Windows 10 Home Single Language; OS build 18363.1316; Version 1909; 64bit' Language: 'es' Physical Memory: 12063 MB
BatchMode: 1, IsHumanControllingUs: 0, StartBugReporterOnCrash: 0, Is64bit: 1, IsPro: 0

 COMMAND LINE ARGUMENTS:
C:\Program Files\Unity\Hub\Editor\2020.2.4f1\Editor\Unity.exe
-adb2
-batchMode
-noUpm
-name
AssetImportWorker0
-projectPath
D:/Unity/Ejercicios_IA/IA_Turret
-logFile
Logs/AssetImportWorker0.log
-srvPort
60058
Successfully changed project path to: D:/Unity/Ejercicios_IA/IA_Turret
D:/Unity/Ejercicios_IA/IA_Turret
Using Asset Import Pipeline V2.
Refreshing native plugins compatible for Editor in 41.21 ms, found 0 plugins.
Preloading 0 native plugins for Editor in 0.00 ms.
Initialize engine version: 2020.2.4f1 (becced5a802b)
[Subsystems] Discovering subsystems at path C:/Program Files/Unity/Hub/Editor/2020.2.4f1/Editor/Data/Resources/UnitySubsystems
[Subsystems] Discovering subsystems at path D:/Unity/Ejercicios_IA/IA_Turret/Assets
GfxDevice: creating device client; threaded=0
Direct3D:
    Version:  Direct3D 11.0 [level 11.1]
    Renderer: Intel(R) Iris(R) Plus Graphics (ID=0x8a52)
    Vendor:   
    VRAM:     6031 MB
    Driver:   26.20.100.7985
Initialize mono
Mono path[0] = 'C:/Program Files/Unity/Hub/Editor/2020.2.4f1/Editor/Data/Managed'
Mono path[1] = 'C:/Program Files/Unity/Hub/Editor/2020.2.4f1/Editor/Data/MonoBleedingEdge/lib/mono/unityjit'
Mono config path = 'C:/Program Files/Unity/Hub/Editor/2020.2.4f1/Editor/Data/MonoBleedingEdge/etc'
Using monoOptions --debugger-agent=transport=dt_socket,embedding=1,server=y,suspend=n,address=127.0.0.1:56616
Begin MonoManager ReloadAssembly
Registering precompiled unity dll's ...
Register platform support module: C:/Program Files/Unity/Hub/Editor/2020.2.4f1/Editor/Data/PlaybackEngines/WindowsStandaloneSupport/UnityEditor.WindowsStandalone.Extensions.dll
Registered in 0.001991 seconds.
Native extension for WindowsStandalone target not found
Refreshing native plugins compatible for Editor in 21.18 ms, found 0 plugins.
Preloading 0 native plugins for Editor in 0.00 ms.
Invoked RoslynAnalysisRunner static constructor.
RoslynAnalysisRunner will not be running.
RoslynAnalysisRunner has terminated.
Mono: successfully reloaded assembly
- Completed reload, in  2.003 seconds
Platform modules already initialized, skipping
Registering precompiled user dll's ...
Registered in 0.000548 seconds.
Begin MonoManager ReloadAssembly
Native extension for WindowsStandalone target not found
Refreshing native plugins compatible for Editor in 0.17 ms, found 0 plugins.
Preloading 0 native plugins for Editor in 0.00 ms.
Invoked RoslynAnalysisRunner static constructor.
RoslynAnalysisRunner will not be running.
RoslynAnalysisRunner has terminated.
Mono: successfully reloaded assembly
- Completed reload, in  0.728 seconds
Platform modules already initialized, skipping
========================================================================
Worker process is ready to serve import requests
Launched and connected shader compiler UnityShaderCompiler.exe after 0.05 seconds
Refreshing native plugins compatible for Editor in 0.24 ms, found 0 plugins.
Preloading 0 native plugins for Editor in 0.00 ms.
Unloading 1104 Unused Serialized files (Serialized files now loaded: 0)
System memory in use before: 56.7 MB.
System memory in use after: 56.7 MB.

Unloading 10 unused Assets to reduce memory usage. Loaded Objects now: 1545.
Total: 1.879000 ms (FindLiveObjects: 0.179400 ms CreateObjectMapping: 0.028600 ms MarkObjects: 1.566800 ms  DeleteObjects: 0.102900 ms)

========================================================================
Received Import Request.
  path: Assets
  artifactKey: Guid(00000000000000001000000000000000) Importer(815301076,1909f56bfc062723c751e8b465ee728b)
Start importing Assets using Guid(00000000000000001000000000000000) Importer(815301076,1909f56bfc062723c751e8b465ee728b)  -> (artifact id: 'edc3feb264a98656617d3c2cb59c8f16') in 0.022773 seconds
  Import took 0.024869 seconds .

========================================================================
Received Import Request.
  Time since last request: 1.731188 seconds.
  path: Assets/Materials
  artifactKey: Guid(14d692357527b59499cf11bdc3ebb607) Importer(815301076,1909f56bfc062723c751e8b465ee728b)
Start importing Assets/Materials using Guid(14d692357527b59499cf11bdc3ebb607) Importer(815301076,1909f56bfc062723c751e8b465ee728b)  -> (artifact id: 'ba2f970034c688983a03ad4fde914552') in 0.002798 seconds
  Import took 0.005483 seconds .

========================================================================
Received Import Request.
  Time since last request: 5.200017 seconds.
  path: Assets/Codes
  artifactKey: Guid(22c7dcee16df68d49a2363ffd129f719) Importer(815301076,1909f56bfc062723c751e8b465ee728b)
Start importing Assets/Codes using Guid(22c7dcee16df68d49a2363ffd129f719) Importer(815301076,1909f56bfc062723c751e8b465ee728b)  -> (artifact id: '18527d6850da579c3e94d1045c207202') in 0.002613 seconds
  Import took 0.005522 seconds .

========================================================================
Received Import Request.
  Time since last request: 25.557468 seconds.
  path: Assets/Materials/Ground.mat
  artifactKey: Guid(3c1dc8bd2f8c8fa4d8c1698576e2d4fe) Importer(815301076,1909f56bfc062723c751e8b465ee728b)
Start importing Assets/Materials/Ground.mat using Guid(3c1dc8bd2f8c8fa4d8c1698576e2d4fe) Importer(815301076,1909f56bfc062723c751e8b465ee728b)  -> (artifact id: '4ad0a508da97238f938a9dc9d1b46bfe') in 0.262220 seconds
  Import took 0.264454 seconds .

========================================================================
Received Import Request.
  Time since last request: 93.551760 seconds.
  path: Assets/Materials/Ground.mat
  artifactKey: Guid(3c1dc8bd2f8c8fa4d8c1698576e2d4fe) Importer(815301076,1909f56bfc062723c751e8b465ee728b)
Start importing Assets/Materials/Ground.mat using Guid(3c1dc8bd2f8c8fa4d8c1698576e2d4fe) Importer(815301076,1909f56bfc062723c751e8b465ee728b)  -> (artifact id: '924eba59ac4c3dcaf4f7d63215f798ec') in 0.057842 seconds
  Import took 0.060825 seconds .

========================================================================
Received Import Request.
  Time since last request: 48.535122 seconds.
  path: Assets/Codes/Turret.cs
  artifactKey: Guid(2e4daaa6bf3fae0489bcf7c98db83436) Importer(815301076,1909f56bfc062723c751e8b465ee728b)
Start importing Assets/Codes/Turret.cs using Guid(2e4daaa6bf3fae0489bcf7c98db83436) Importer(815301076,1909f56bfc062723c751e8b465ee728b)  -> (artifact id: '77fac354c2aca4d7d29d3831a7e84011') in 0.095438 seconds
  Import took 0.097674 seconds .

========================================================================
Received Import Request.
  Time since last request: 0.036192 seconds.
  path: Assets/Codes/Turret.cs
  artifactKey: Guid(2e4daaa6bf3fae0489bcf7c98db83436) Importer(815301076,1909f56bfc062723c751e8b465ee728b)
Start importing Assets/Codes/Turret.cs using Guid(2e4daaa6bf3fae0489bcf7c98db83436) Importer(815301076,1909f56bfc062723c751e8b465ee728b)  -> (artifact id: '77fac354c2aca4d7d29d3831a7e84011') in 0.002520 seconds
  Import took 0.005336 seconds .

========================================================================
Received Prepare
Registering precompiled user dll's ...
Registered in 0.000562 seconds.
Begin MonoManager ReloadAssembly
Native extension for WindowsStandalone target not found
Refreshing native plugins compatible for Editor in 0.24 ms, found 0 plugins.
Preloading 0 native plugins for Editor in 0.00 ms.
Invoked RoslynAnalysisRunner static constructor.
RoslynAnalysisRunner will not be running.
RoslynAnalysisRunner has terminated.
Mono: successfully reloaded assembly
- Completed reload, in  0.667 seconds
Platform modules already initialized, skipping
Refreshing native plugins compatible for Editor in 0.16 ms, found 0 plugins.
Preloading 0 native plugins for Editor in 0.00 ms.
Unloading 1100 Unused Serialized files (Serialized files now loaded: 0)
System memory in use before: 60.0 MB.
System memory in use after: 60.1 MB.

Unloading 5 unused Assets to reduce memory usage. Loaded Objects now: 1588.
Total: 2.540500 ms (FindLiveObjects: 0.213100 ms CreateObjectMapping: 0.025500 ms MarkObjects: 2.245600 ms  DeleteObjects: 0.054800 ms)

AssetImportWorkerClient::OnTransportError - code=2 error=End of file
