Using pre-set license
Built from '2020.2/release' branch; Version is '2020.2.4f1 (becced5a802b) revision 12504301'; Using compiler version '192528614'; Build Type 'Release'
OS: 'Windows 10 Home Single Language; OS build 18363.1379; Version 1909; 64bit' Language: 'es' Physical Memory: 12063 MB
BatchMode: 1, IsHumanControllingUs: 0, StartBugReporterOnCrash: 0, Is64bit: 1, IsPro: 0

 COMMAND LINE ARGUMENTS:
C:\Program Files\Unity\Hub\Editor\2020.2.4f1\Editor\Unity.exe
-adb2
-batchMode
-noUpm
-name
AssetImportWorker6
-projectPath
D:/Unity/Ejercicios_IA/IA_Turret
-logFile
Logs/AssetImportWorker6.log
-srvPort
62874
Successfully changed project path to: D:/Unity/Ejercicios_IA/IA_Turret
D:/Unity/Ejercicios_IA/IA_Turret
Using Asset Import Pipeline V2.
Refreshing native plugins compatible for Editor in 63.24 ms, found 0 plugins.
Preloading 0 native plugins for Editor in 0.00 ms.
Initialize engine version: 2020.2.4f1 (becced5a802b)
[Subsystems] Discovering subsystems at path C:/Program Files/Unity/Hub/Editor/2020.2.4f1/Editor/Data/Resources/UnitySubsystems
[Subsystems] Discovering subsystems at path D:/Unity/Ejercicios_IA/IA_Turret/Assets
GfxDevice: creating device client; threaded=0
Direct3D:
    Version:  Direct3D 11.0 [level 11.1]
    Renderer: Intel(R) Iris(R) Plus Graphics (ID=0x8a52)
    Vendor:   
    VRAM:     6031 MB
    Driver:   26.20.100.7985
Initialize mono
Mono path[0] = 'C:/Program Files/Unity/Hub/Editor/2020.2.4f1/Editor/Data/Managed'
Mono path[1] = 'C:/Program Files/Unity/Hub/Editor/2020.2.4f1/Editor/Data/MonoBleedingEdge/lib/mono/unityjit'
Mono config path = 'C:/Program Files/Unity/Hub/Editor/2020.2.4f1/Editor/Data/MonoBleedingEdge/etc'
Using monoOptions --debugger-agent=transport=dt_socket,embedding=1,server=y,suspend=n,address=127.0.0.1:56464
Begin MonoManager ReloadAssembly
Registering precompiled unity dll's ...
Register platform support module: C:/Program Files/Unity/Hub/Editor/2020.2.4f1/Editor/Data/PlaybackEngines/WindowsStandaloneSupport/UnityEditor.WindowsStandalone.Extensions.dll
Registered in 0.005801 seconds.
Native extension for WindowsStandalone target not found
Refreshing native plugins compatible for Editor in 104.21 ms, found 0 plugins.
Preloading 0 native plugins for Editor in 0.00 ms.
Invoked RoslynAnalysisRunner static constructor.
RoslynAnalysisRunner will not be running.
RoslynAnalysisRunner has terminated.
Mono: successfully reloaded assembly
- Completed reload, in  6.119 seconds
Platform modules already initialized, skipping
Registering precompiled user dll's ...
Registered in 0.000859 seconds.
Begin MonoManager ReloadAssembly
Native extension for WindowsStandalone target not found
Refreshing native plugins compatible for Editor in 0.19 ms, found 0 plugins.
Preloading 0 native plugins for Editor in 0.00 ms.
Invoked RoslynAnalysisRunner static constructor.
RoslynAnalysisRunner will not be running.
RoslynAnalysisRunner has terminated.
Mono: successfully reloaded assembly
- Completed reload, in  0.932 seconds
Platform modules already initialized, skipping
========================================================================
Worker process is ready to serve import requests
Launched and connected shader compiler UnityShaderCompiler.exe after 0.07 seconds
Refreshing native plugins compatible for Editor in 0.18 ms, found 0 plugins.
Preloading 0 native plugins for Editor in 0.00 ms.
Unloading 1109 Unused Serialized files (Serialized files now loaded: 0)
System memory in use before: 68.8 MB.
System memory in use after: 68.9 MB.

Unloading 10 unused Assets to reduce memory usage. Loaded Objects now: 1564.
Total: 1.851900 ms (FindLiveObjects: 0.129700 ms CreateObjectMapping: 0.028600 ms MarkObjects: 1.590000 ms  DeleteObjects: 0.102000 ms)

========================================================================
Received Import Request.
  path: Assets/Models/Turret_0001.png
  artifactKey: Guid(713676abd9721014a820ef0004393575) Importer(815301076,1909f56bfc062723c751e8b465ee728b)
Start importing Assets/Models/Turret_0001.png using Guid(713676abd9721014a820ef0004393575) Importer(815301076,1909f56bfc062723c751e8b465ee728b)  -> (artifact id: '257dfaf7cd0f1815256655a580838c6e') in 0.074735 seconds
  Import took 0.076725 seconds .

========================================================================
Received Import Request.
  Time since last request: 0.000454 seconds.
  path: Assets/Models/Turret_0001.blend
  artifactKey: Guid(3fcb70b076cea674182d235c707e2d4b) Importer(815301076,1909f56bfc062723c751e8b465ee728b)
Start importing Assets/Models/Turret_0001.blend using Guid(3fcb70b076cea674182d235c707e2d4b) Importer(815301076,1909f56bfc062723c751e8b465ee728b)  -> (artifact id: 'a999bf74daf855b8db59b5845bb3ddae') in 0.452024 seconds
  Import took 0.456617 seconds .

========================================================================
Received Import Request.
  Time since last request: 129.767794 seconds.
  path: Assets/Models/Turret.png
  artifactKey: Guid(ee6e3dcc2bcec8544b8b3192d6e81906) Importer(815301076,1909f56bfc062723c751e8b465ee728b)
Start importing Assets/Models/Turret.png using Guid(ee6e3dcc2bcec8544b8b3192d6e81906) Importer(815301076,1909f56bfc062723c751e8b465ee728b)  -> (artifact id: '6d4226b2c799c9153a078d8523292f05') in 0.010318 seconds
  Import took 0.013484 seconds .

========================================================================
Received Import Request.
  Time since last request: 0.000394 seconds.
  path: Assets/Models/Turret_0002.blend
  artifactKey: Guid(cad30f7e666889249aa9174d9d63d029) Importer(815301076,1909f56bfc062723c751e8b465ee728b)
Start importing Assets/Models/Turret_0002.blend using Guid(cad30f7e666889249aa9174d9d63d029) Importer(815301076,1909f56bfc062723c751e8b465ee728b)  -> (artifact id: 'c324dba1d4bcdb90ff66c52ea27294e3') in 0.155621 seconds
  Import took 0.160558 seconds .

========================================================================
Received Import Request.
  Time since last request: 0.000367 seconds.
  path: Assets/Models/Turret_0003.blend
  artifactKey: Guid(46163287b98cd9d4e9d4f5fd13576313) Importer(815301076,1909f56bfc062723c751e8b465ee728b)
Start importing Assets/Models/Turret_0003.blend using Guid(46163287b98cd9d4e9d4f5fd13576313) Importer(815301076,1909f56bfc062723c751e8b465ee728b)  -> (artifact id: '368dc8501e9021450cea1659960a6309') in 0.144225 seconds
  Import took 0.148083 seconds .

========================================================================
Received Import Request.
  Time since last request: 0.000202 seconds.
  path: Assets/Models/Turret_0001.blend
  artifactKey: Guid(3fcb70b076cea674182d235c707e2d4b) Importer(815301076,1909f56bfc062723c751e8b465ee728b)
Start importing Assets/Models/Turret_0001.blend using Guid(3fcb70b076cea674182d235c707e2d4b) Importer(815301076,1909f56bfc062723c751e8b465ee728b)  -> (artifact id: 'bb1843381f2da373d23b116f4f3f2072') in 0.136746 seconds
  Import took 0.140982 seconds .

AssetImportWorkerClient::OnTransportError - code=2 error=End of file
